<?xml version="1.0" encoding="UTF-8"?>
<!-- Generated by org.testng.reporters.JUnitXMLReporter -->
<testsuite ignored="0" hostname="LAPTOP-P01DG4LS" failures="0" tests="3" name="Default test" time="77.079" errors="0" timestamp="2021-06-06T20:17:01 IST">
  <testcase classname="com.guru99.tests.LoginPageTests" name="verifyLogin" time="7.382"/>
  <testcase classname="com.guru99.tests.LoginPageTests" name="verifyLogin" time="7.198"/>
  <testcase classname="com.guru99.tests.LoginPageTests" name="verifyLogin" time="6.723"/>
</testsuite> <!-- Default test -->
